  Character.cpp
C:\Users\sanghwa\Desktop\study\학원수업(후)\포폴\1달 포폴 완성본\Character\Character.cpp(53,22): warning C4018: '<': signed 또는 unsigned가 일치하지 않습니다.
C:\Users\sanghwa\Desktop\study\학원수업(후)\포폴\1달 포폴 완성본\Character\Character.cpp(1072,20): warning C4018: '<': signed 또는 unsigned가 일치하지 않습니다.
C:\Users\sanghwa\Desktop\study\학원수업(후)\포폴\1달 포폴 완성본\Character\Character.cpp(1266,20): warning C4018: '<': signed 또는 unsigned가 일치하지 않습니다.
C:\Users\sanghwa\Desktop\study\학원수업(후)\포폴\1달 포폴 완성본\Character\Character.cpp(1483,21): warning C4018: '<': signed 또는 unsigned가 일치하지 않습니다.
C:\Users\sanghwa\Desktop\study\학원수업(후)\포폴\1달 포폴 완성본\Character\Character.cpp(1498,21): warning C4018: '<': signed 또는 unsigned가 일치하지 않습니다.
C:\Users\sanghwa\Desktop\study\학원수업(후)\포폴\1달 포폴 완성본\Character\Character.cpp(1553,20): warning C4018: '<': signed 또는 unsigned가 일치하지 않습니다.
  MainGame.cpp
C:\Users\sanghwa\Desktop\study\학원수업(후)\포폴\1달 포폴 완성본\MensionObject\RoomInfo.h(25,19): warning C4018: '<': signed 또는 unsigned가 일치하지 않습니다.
  Apart.cpp
C:\Users\sanghwa\Desktop\study\학원수업(후)\포폴\1달 포폴 완성본\MensionObject\RoomInfo.h(25,19): warning C4018: '<': signed 또는 unsigned가 일치하지 않습니다.
C:\Users\sanghwa\Desktop\study\학원수업(후)\포폴\1달 포폴 완성본\MensionObject\Apart.cpp(58,18): warning C4018: '<': signed 또는 unsigned가 일치하지 않습니다.
C:\Users\sanghwa\Desktop\study\학원수업(후)\포폴\1달 포폴 완성본\MensionObject\Apart.cpp(103,20): warning C4018: '<': signed 또는 unsigned가 일치하지 않습니다.
C:\Users\sanghwa\Desktop\study\학원수업(후)\포폴\1달 포폴 완성본\MensionObject\Apart.cpp(280,20): warning C4018: '<': signed 또는 unsigned가 일치하지 않습니다.
  KingRoom.cpp
C:\Users\sanghwa\Desktop\study\학원수업(후)\포폴\1달 포폴 완성본\MensionObject\KingRoom.cpp(60,21): warning C4018: '<': signed 또는 unsigned가 일치하지 않습니다.
  Quest.cpp
C:\Users\sanghwa\Desktop\study\학원수업(후)\포폴\1달 포폴 완성본\MensionObject\Quest.cpp(72,23): warning C4018: '<': signed 또는 unsigned가 일치하지 않습니다.
C:\Users\sanghwa\Desktop\study\학원수업(후)\포폴\1달 포폴 완성본\MensionObject\Quest.cpp(122,51): warning C4244: '인수': 'int'에서 'FLOAT'(으)로 변환하면서 데이터가 손실될 수 있습니다.
  Room.cpp
C:\Users\sanghwa\Desktop\study\학원수업(후)\포폴\1달 포폴 완성본\MensionObject\RoomInfo.h(25,19): warning C4018: '<': signed 또는 unsigned가 일치하지 않습니다.
  RoomInfo.cpp
C:\Users\sanghwa\Desktop\study\학원수업(후)\포폴\1달 포폴 완성본\MensionObject\RoomInfo.h(25,19): warning C4018: '<': signed 또는 unsigned가 일치하지 않습니다.
C:\Users\sanghwa\Desktop\study\학원수업(후)\포폴\1달 포폴 완성본\MensionObject\RoomInfo.cpp(70,57): warning C4244: '인수': 'int'에서 'FLOAT'(으)로 변환하면서 데이터가 손실될 수 있습니다.
C:\Users\sanghwa\Desktop\study\학원수업(후)\포폴\1달 포폴 완성본\MensionObject\RoomInfo.cpp(70,50): warning C4244: '인수': 'int'에서 'FLOAT'(으)로 변환하면서 데이터가 손실될 수 있습니다.
C:\Users\sanghwa\Desktop\study\학원수업(후)\포폴\1달 포폴 완성본\MensionObject\RoomInfo.cpp(99,20): warning C4018: '<': signed 또는 unsigned가 일치하지 않습니다.
C:\Users\sanghwa\Desktop\study\학원수업(후)\포폴\1달 포폴 완성본\MensionObject\RoomInfo.cpp(121,35): warning C4244: '인수': 'int'에서 'FLOAT'(으)로 변환하면서 데이터가 손실될 수 있습니다.
C:\Users\sanghwa\Desktop\study\학원수업(후)\포폴\1달 포폴 완성본\MensionObject\RoomInfo.cpp(121,28): warning C4244: '인수': 'int'에서 'FLOAT'(으)로 변환하면서 데이터가 손실될 수 있습니다.
C:\Users\sanghwa\Desktop\study\학원수업(후)\포폴\1달 포폴 완성본\MensionObject\RoomInfo.cpp(162,21): warning C4018: '<': signed 또는 unsigned가 일치하지 않습니다.
C:\Users\sanghwa\Desktop\study\학원수업(후)\포폴\1달 포폴 완성본\MensionObject\RoomInfo.cpp(261,20): warning C4018: '<': signed 또는 unsigned가 일치하지 않습니다.
C:\Users\sanghwa\Desktop\study\학원수업(후)\포폴\1달 포폴 완성본\MensionObject\RoomInfo.cpp(315,20): warning C4018: '<': signed 또는 unsigned가 일치하지 않습니다.
C:\Users\sanghwa\Desktop\study\학원수업(후)\포폴\1달 포폴 완성본\MensionObject\RoomInfo.cpp(332,32): warning C4838: 'double'에서 'LONG'(으)로의 변환에는 축소 변환이 필요합니다.
C:\Users\sanghwa\Desktop\study\학원수업(후)\포폴\1달 포폴 완성본\MensionObject\RoomInfo.cpp(332,32): warning C4244: '초기화 중': 'double'에서 'LONG'(으)로 변환하면서 데이터가 손실될 수 있습니다.
C:\Users\sanghwa\Desktop\study\학원수업(후)\포폴\1달 포폴 완성본\MensionObject\RoomInfo.cpp(332,53): warning C4838: 'double'에서 'LONG'(으)로의 변환에는 축소 변환이 필요합니다.
C:\Users\sanghwa\Desktop\study\학원수업(후)\포폴\1달 포폴 완성본\MensionObject\RoomInfo.cpp(332,53): warning C4244: '초기화 중': 'double'에서 'LONG'(으)로 변환하면서 데이터가 손실될 수 있습니다.
C:\Users\sanghwa\Desktop\study\학원수업(후)\포폴\1달 포폴 완성본\MensionObject\RoomInfo.cpp(351,7): warning C4101: 'a' :참조되지 않은 지역 변수입니다.
  GameScene.cpp
C:\Users\sanghwa\Desktop\study\학원수업(후)\포폴\1달 포폴 완성본\MensionObject\RoomInfo.h(25,19): warning C4018: '<': signed 또는 unsigned가 일치하지 않습니다.
C:\Users\sanghwa\Desktop\study\학원수업(후)\포폴\1달 포폴 완성본\Mension\GameScene.cpp(244,68): warning C4838: 'unsigned int'에서 'LONG'(으)로의 변환에는 축소 변환이 필요합니다.
  MainScene.cpp
  Loading.cpp
  Bullet.cpp
C:\Users\sanghwa\Desktop\study\학원수업(후)\포폴\1달 포폴 완성본\Object\Bullet.cpp(38,20): warning C4018: '<': signed 또는 unsigned가 일치하지 않습니다.
C:\Users\sanghwa\Desktop\study\학원수업(후)\포폴\1달 포폴 완성본\Object\Bullet.cpp(53,20): warning C4018: '<': signed 또는 unsigned가 일치하지 않습니다.
C:\Users\sanghwa\Desktop\study\학원수업(후)\포폴\1달 포폴 완성본\Object\Bullet.cpp(68,20): warning C4018: '<': signed 또는 unsigned가 일치하지 않습니다.
C:\Users\sanghwa\Desktop\study\학원수업(후)\포폴\1달 포폴 완성본\Object\Bullet.cpp(103,20): warning C4018: '<': signed 또는 unsigned가 일치하지 않습니다.
  Button.cpp
  Circle.cpp
  Image.cpp
  Rect.cpp
  Shader.cpp
  CameraManager.cpp
  CharacterManager.cpp
  ImageManager.cpp
  KeyManager.cpp
  QuestManager.cpp
  SceneManager.cpp
  SoundManager.cpp
  TimeManager.cpp
C:\Users\sanghwa\Desktop\study\학원수업(후)\포폴\1달 포폴 완성본\Singleton\TimeManager.cpp(115,16): warning C4838: 'float'에서 'LONG'(으)로의 변환에는 축소 변환이 필요합니다.
C:\Users\sanghwa\Desktop\study\학원수업(후)\포폴\1달 포폴 완성본\Singleton\TimeManager.cpp(115,16): warning C4244: '초기화 중': 'float'에서 'LONG'(으)로 변환하면서 데이터가 손실될 수 있습니다.
C:\Users\sanghwa\Desktop\study\학원수업(후)\포폴\1달 포폴 완성본\Singleton\TimeManager.cpp(115,22): warning C4838: 'float'에서 'LONG'(으)로의 변환에는 축소 변환이 필요합니다.
C:\Users\sanghwa\Desktop\study\학원수업(후)\포폴\1달 포폴 완성본\Singleton\TimeManager.cpp(115,22): warning C4244: '초기화 중': 'float'에서 'LONG'(으)로 변환하면서 데이터가 손실될 수 있습니다.
C:\Users\sanghwa\Desktop\study\학원수업(후)\포폴\1달 포폴 완성본\Singleton\TimeManager.cpp(115,28): warning C4838: 'float'에서 'LONG'(으)로의 변환에는 축소 변환이 필요합니다.
C:\Users\sanghwa\Desktop\study\학원수업(후)\포폴\1달 포폴 완성본\Singleton\TimeManager.cpp(115,28): warning C4244: '초기화 중': 'float'에서 'LONG'(으)로 변환하면서 데이터가 손실될 수 있습니다.
C:\Users\sanghwa\Desktop\study\학원수업(후)\포폴\1달 포폴 완성본\Singleton\TimeManager.cpp(115,36): warning C4838: 'float'에서 'LONG'(으)로의 변환에는 축소 변환이 필요합니다.
C:\Users\sanghwa\Desktop\study\학원수업(후)\포폴\1달 포폴 완성본\Singleton\TimeManager.cpp(115,36): warning C4244: '초기화 중': 'float'에서 'LONG'(으)로 변환하면서 데이터가 손실될 수 있습니다.
  WriteManager.cpp
  Unholy_Heights.cpp
  Unholy_Heights.vcxproj -> C:\Users\sanghwa\Desktop\study\학원수업(후)\포폴\1달 포폴 완성본\Debug\Unholy_Heights.exe
