  compilation object save succeeded; see C:\Users\sanghwa\Desktop\dx11_3D_포폴\DX11 3D포폴\Debug\AModel.cso
  compilation object save succeeded; see C:\Users\sanghwa\Desktop\dx11_3D_포폴\DX11 3D포폴\Debug\AModelAnimation.cso
  compilation object save succeeded; see C:\Users\sanghwa\Desktop\dx11_3D_포폴\DX11 3D포폴\Debug\Collision.cso
  compilation object save succeeded; see C:\Users\sanghwa\Desktop\dx11_3D_포폴\DX11 3D포폴\Debug\MagicCircle.cso
FXC : warning X4717: Effects deprecated for D3DCompiler_47
  
  compilation object save succeeded; see C:\Users\sanghwa\Desktop\dx11_3D_포폴\DX11 3D포폴\Debug\ModelAnimeInstancing.cso
  compilation object save succeeded; see C:\Users\sanghwa\Desktop\dx11_3D_포폴\DX11 3D포폴\Debug\PropObject.cso
  compilation object save succeeded; see C:\Users\sanghwa\Desktop\dx11_3D_포폴\DX11 3D포폴\Debug\Render2D.cso
FXC : warning X4717: Effects deprecated for D3DCompiler_47
  
  compilation object save succeeded; see C:\Users\sanghwa\Desktop\dx11_3D_포폴\DX11 3D포폴\Debug\TerrainBrush.cso
  Framework.cpp
C:\Users\sanghwa\Desktop\dx11_3D_포폴\DX11 3D포폴\DefenceGame\Objects\TerrainEditor.h(79,44): warning C4244: '인수': 'UINT'에서 'FLOAT'(으)로 변환하면서 데이터가 손실될 수 있습니다.
C:\Users\sanghwa\Desktop\dx11_3D_포폴\DX11 3D포폴\DefenceGame\Objects\TerrainEditor.h(79,37): warning C4244: '인수': 'UINT'에서 'FLOAT'(으)로 변환하면서 데이터가 손실될 수 있습니다.
  AStar.cpp
C:\Users\sanghwa\Desktop\dx11_3D_포폴\DX11 3D포폴\DefenceGame\Astar\AStar.cpp(108,18): warning C4018: '<': signed 또는 unsigned가 일치하지 않습니다.
C:\Users\sanghwa\Desktop\dx11_3D_포폴\DX11 3D포폴\DefenceGame\Astar\AStar.cpp(194,21): warning C4018: '<': signed 또는 unsigned가 일치하지 않습니다.
C:\Users\sanghwa\Desktop\dx11_3D_포폴\DX11 3D포폴\DefenceGame\Astar\AStar.cpp(265,20): warning C4018: '<': signed 또는 unsigned가 일치하지 않습니다.
C:\Users\sanghwa\Desktop\dx11_3D_포폴\DX11 3D포폴\DefenceGame\Astar\AStar.cpp(288,20): warning C4018: '<': signed 또는 unsigned가 일치하지 않습니다.
C:\Users\sanghwa\Desktop\dx11_3D_포폴\DX11 3D포폴\DefenceGame\Astar\AStar.cpp(309,20): warning C4018: '<': signed 또는 unsigned가 일치하지 않습니다.
C:\Users\sanghwa\Desktop\dx11_3D_포폴\DX11 3D포폴\DefenceGame\Astar\AStar.cpp(380,18): warning C4834: 'nodiscard' 특성이 포함된 함수의 반환 값을 버리는 중
C:\Users\sanghwa\Desktop\dx11_3D_포폴\DX11 3D포폴\DefenceGame\Astar\AStar.cpp(411,20): warning C4018: '<': signed 또는 unsigned가 일치하지 않습니다.
C:\Users\sanghwa\Desktop\dx11_3D_포폴\DX11 3D포폴\DefenceGame\Astar\AStar.cpp(467,20): warning C4018: '<': signed 또는 unsigned가 일치하지 않습니다.
  Heap.cpp
C:\Users\sanghwa\Desktop\dx11_3D_포폴\DX11 3D포폴\DefenceGame\AStar\Heap.cpp(44,14): warning C4018: '<': signed 또는 unsigned가 일치하지 않습니다.
C:\Users\sanghwa\Desktop\dx11_3D_포폴\DX11 3D포폴\DefenceGame\AStar\Heap.cpp(47,14): warning C4018: '<': signed 또는 unsigned가 일치하지 않습니다.
  Node.cpp
  DefenceGame.cpp
C:\Users\sanghwa\Desktop\dx11_3D_포폴\DX11 3D포폴\DefenceGame\DefenceGame.cpp(62,15): warning C4244: '인수': 'time_t'에서 'unsigned int'(으)로 변환하면서 데이터가 손실될 수 있습니다.
  AModel.cpp
  AModelAnimator.cpp
C:\Users\sanghwa\Desktop\dx11_3D_포폴\DX11 3D포폴\DefenceGame\Framework\AssimpModel\AModelAnimator.cpp(24,20): warning C4018: '<': signed 또는 unsigned가 일치하지 않습니다.
  AModelClip.cpp
  AModelMesh.cpp
  AModelRender.cpp
  Camera.cpp
  Freedom.cpp
  BoxCollision.cpp
C:\Users\sanghwa\Desktop\dx11_3D_포폴\DX11 3D포폴\DefenceGame\Framework\Collision\BoxCollision.cpp(189,20): warning C4018: '<': signed 또는 unsigned가 일치하지 않습니다.
  Collision.cpp
C:\Users\sanghwa\Desktop\dx11_3D_포폴\DX11 3D포폴\DefenceGame\Framework\Collision\Collision.cpp(37,20): warning C4018: '<': signed 또는 unsigned가 일치하지 않습니다.
  RectCollision.cpp
  SphereCollision.cpp
C:\Users\sanghwa\Desktop\dx11_3D_포폴\DX11 3D포폴\DefenceGame\Framework\Collision\SphereCollision.cpp(67,16): warning C4244: '초기화 중': 'double'에서 'float'(으)로 변환하면서 데이터가 손실될 수 있습니다.
C:\Users\sanghwa\Desktop\dx11_3D_포폴\DX11 3D포폴\DefenceGame\Framework\Collision\SphereCollision.cpp(68,18): warning C4244: '초기화 중': 'double'에서 'float'(으)로 변환하면서 데이터가 손실될 수 있습니다.
C:\Users\sanghwa\Desktop\dx11_3D_포폴\DX11 3D포폴\DefenceGame\Framework\Collision\SphereCollision.cpp(103,20): warning C4018: '<': signed 또는 unsigned가 일치하지 않습니다.
  Device.cpp
  Environment.cpp
C:\Users\sanghwa\Desktop\dx11_3D_포폴\DX11 3D포폴\DefenceGame\Framework\Environment\Environment.cpp(16,51): warning C4305: '인수': 'double'에서 'float'(으)로 잘립니다.
  Perspective.cpp
  Viewport.cpp
  AssimpReader.cpp
  코드를 생성하고 있습니다...
  컴파일하고 있습니다...
  Transform.cpp
  GameAnimModel.cpp
  GameModel.cpp
  Model.cpp
  ModelClip.cpp
  ModelKeyFrame.cpp
C:\Users\sanghwa\Desktop\dx11_3D_포폴\DX11 3D포폴\DefenceGame\Framework\Model\ModelKeyFrame.cpp(72,13): warning C4018: '>=': signed 또는 unsigned가 일치하지 않습니다.
  ModelMesh.cpp
  ModelMeshPart.cpp
  ModelTweener.cpp
  Buffer.cpp
  ConstBuffer.cpp
  Material.cpp
  RenderTarget.cpp
C:\Users\sanghwa\Desktop\dx11_3D_포폴\DX11 3D포폴\DefenceGame\Framework\Render\RenderTarget.cpp(6,33): warning C4244: '인수': 'UINT'에서 'float'(으)로 변환하면서 데이터가 손실될 수 있습니다.
C:\Users\sanghwa\Desktop\dx11_3D_포폴\DX11 3D포폴\DefenceGame\Framework\Render\RenderTarget.cpp(6,26): warning C4244: '인수': 'UINT'에서 'float'(으)로 변환하면서 데이터가 손실될 수 있습니다.
  Shader.cpp
  Texture.cpp
  BlendState.cpp
  DepthStencilState.cpp
  RasterizerState.cpp
  Binary.cpp
  DirectWrite.cpp
  코드를 생성하고 있습니다...
  컴파일하고 있습니다...
  Keyboard.cpp
  Math.cpp
C:\Users\sanghwa\Desktop\dx11_3D_포폴\DX11 3D포폴\DefenceGame\Framework\Utility\Math.cpp(32,19): warning C4244: '=': 'int'에서 'float'(으)로 변환하면서 데이터가 손실될 수 있습니다.
C:\Users\sanghwa\Desktop\dx11_3D_포폴\DX11 3D포폴\DefenceGame\Framework\Utility\Math.cpp(33,19): warning C4244: '=': 'int'에서 'float'(으)로 변환하면서 데이터가 손실될 수 있습니다.
C:\Users\sanghwa\Desktop\dx11_3D_포폴\DX11 3D포폴\DefenceGame\Framework\Utility\Math.cpp(34,19): warning C4244: '=': 'int'에서 'float'(으)로 변환하면서 데이터가 손실될 수 있습니다.
C:\Users\sanghwa\Desktop\dx11_3D_포폴\DX11 3D포폴\DefenceGame\Framework\Utility\Math.cpp(42,19): warning C4244: '=': 'int'에서 'FLOAT'(으)로 변환하면서 데이터가 손실될 수 있습니다.
C:\Users\sanghwa\Desktop\dx11_3D_포폴\DX11 3D포폴\DefenceGame\Framework\Utility\Math.cpp(43,19): warning C4244: '=': 'int'에서 'FLOAT'(으)로 변환하면서 데이터가 손실될 수 있습니다.
  Timer.cpp
  Utility.cpp
C:\Program Files (x86)\Microsoft Visual Studio\2019\Community\VC\Tools\MSVC\14.24.28314\include\xstring(2388,23): warning C4244: '인수': '_Ty'에서 'const _Elem'(으)로 변환하면서 데이터가 손실될 수 있습니다.
          with
          [
              _Ty=wchar_t
          ]
          and
          [
              _Elem=char
          ]
C:\Program Files (x86)\Microsoft Visual Studio\2019\Community\VC\Tools\MSVC\14.24.28314\include\xstring(2399): message : 컴파일되는 함수 템플릿 인스턴스화 'void std::basic_string<char,std::char_traits<char>,std::allocator<char>>::_Construct<_Ty*>(_Iter,const _Iter,std::input_iterator_tag)'에 대한 참조를 확인하세요.
          with
          [
              _Ty=wchar_t,
              _Iter=wchar_t *
          ]
C:\Program Files (x86)\Microsoft Visual Studio\2019\Community\VC\Tools\MSVC\14.24.28314\include\xstring(2399): message : 컴파일되는 함수 템플릿 인스턴스화 'void std::basic_string<char,std::char_traits<char>,std::allocator<char>>::_Construct<_Ty*>(_Iter,const _Iter,std::input_iterator_tag)'에 대한 참조를 확인하세요.
          with
          [
              _Ty=wchar_t,
              _Iter=wchar_t *
          ]
C:\Program Files (x86)\Microsoft Visual Studio\2019\Community\VC\Tools\MSVC\14.24.28314\include\xstring(2379): message : 컴파일되는 함수 템플릿 인스턴스화 'void std::basic_string<char,std::char_traits<char>,std::allocator<char>>::_Construct<_Ty*>(const _Iter,const _Iter,std::forward_iterator_tag)'에 대한 참조를 확인하세요.
          with
          [
              _Ty=wchar_t,
              _Iter=wchar_t *
          ]
C:\Program Files (x86)\Microsoft Visual Studio\2019\Community\VC\Tools\MSVC\14.24.28314\include\xstring(2379): message : 컴파일되는 함수 템플릿 인스턴스화 'void std::basic_string<char,std::char_traits<char>,std::allocator<char>>::_Construct<_Ty*>(const _Iter,const _Iter,std::forward_iterator_tag)'에 대한 참조를 확인하세요.
          with
          [
              _Ty=wchar_t,
              _Iter=wchar_t *
          ]
C:\Program Files (x86)\Microsoft Visual Studio\2019\Community\VC\Tools\MSVC\14.24.28314\include\xstring(2921): message : 컴파일되는 함수 템플릿 인스턴스화 'std::basic_string<char,std::char_traits<char>,std::allocator<char>>::basic_string<wchar_t*,void>(_Iter,_Iter,const _Alloc &)'에 대한 참조를 확인하세요.
          with
          [
              _Iter=wchar_t *,
              _Alloc=std::allocator<char>
          ]
C:\Program Files (x86)\Microsoft Visual Studio\2019\Community\VC\Tools\MSVC\14.24.28314\include\xstring(2921): message : 컴파일되는 함수 템플릿 인스턴스화 'std::basic_string<char,std::char_traits<char>,std::allocator<char>>::basic_string<wchar_t*,void>(_Iter,_Iter,const _Alloc &)'에 대한 참조를 확인하세요.
          with
          [
              _Iter=wchar_t *,
              _Alloc=std::allocator<char>
          ]
C:\Users\sanghwa\Desktop\dx11_3D_포폴\DX11 3D포폴\DefenceGame\Framework\Utility\Utility.cpp(14): message : 컴파일되는 함수 템플릿 인스턴스화 'std::basic_string<char,std::char_traits<char>,std::allocator<char>> &std::basic_string<char,std::char_traits<char>,std::allocator<char>>::assign<std::_String_iterator<std::_String_val<std::_Simple_types<_Elem>>>,void>(const _Iter,const _Iter)'에 대한 참조를 확인하세요.
          with
          [
              _Elem=wchar_t,
              _Iter=std::_String_iterator<std::_String_val<std::_Simple_types<wchar_t>>>
          ]
C:\Users\sanghwa\Desktop\dx11_3D_포폴\DX11 3D포폴\DefenceGame\Framework\Utility\Utility.cpp(14): message : 컴파일되는 함수 템플릿 인스턴스화 'std::basic_string<char,std::char_traits<char>,std::allocator<char>> &std::basic_string<char,std::char_traits<char>,std::allocator<char>>::assign<std::_String_iterator<std::_String_val<std::_Simple_types<_Elem>>>,void>(const _Iter,const _Iter)'에 대한 참조를 확인하세요.
          with
          [
              _Elem=wchar_t,
              _Iter=std::_String_iterator<std::_String_val<std::_Simple_types<wchar_t>>>
          ]
  Xml.cpp
  FrustumCulling.cpp
  CharacterManager.cpp
  SpawnManager.cpp
C:\Users\sanghwa\Desktop\dx11_3D_포폴\DX11 3D포폴\DefenceGame\Manager\SpawnManager.cpp(22,51): warning C4244: '인수': 'UINT'에서 'FLOAT'(으)로 변환하면서 데이터가 손실될 수 있습니다.
C:\Users\sanghwa\Desktop\dx11_3D_포폴\DX11 3D포폴\DefenceGame\Manager\SpawnManager.cpp(22,31): warning C4244: '인수': 'UINT'에서 'FLOAT'(으)로 변환하면서 데이터가 손실될 수 있습니다.
C:\Users\sanghwa\Desktop\dx11_3D_포폴\DX11 3D포폴\DefenceGame\Manager\SpawnManager.cpp(32,51): warning C4244: '인수': 'UINT'에서 'FLOAT'(으)로 변환하면서 데이터가 손실될 수 있습니다.
C:\Users\sanghwa\Desktop\dx11_3D_포폴\DX11 3D포폴\DefenceGame\Manager\SpawnManager.cpp(32,31): warning C4244: '인수': 'UINT'에서 'FLOAT'(으)로 변환하면서 데이터가 손실될 수 있습니다.
  MazeAlgorithm.cpp
C:\Users\sanghwa\Desktop\dx11_3D_포폴\DX11 3D포폴\DefenceGame\AStar\MazeAlgorithm.cpp(40,60): warning C4244: '인수': 'int'에서 'FLOAT'(으)로 변환하면서 데이터가 손실될 수 있습니다.
C:\Users\sanghwa\Desktop\dx11_3D_포폴\DX11 3D포폴\DefenceGame\AStar\MazeAlgorithm.cpp(40,40): warning C4244: '인수': 'int'에서 'FLOAT'(으)로 변환하면서 데이터가 손실될 수 있습니다.
C:\Users\sanghwa\Desktop\dx11_3D_포폴\DX11 3D포폴\DefenceGame\AStar\MazeAlgorithm.cpp(40,105): warning C4244: '인수': 'int'에서 'FLOAT'(으)로 변환하면서 데이터가 손실될 수 있습니다.
C:\Users\sanghwa\Desktop\dx11_3D_포폴\DX11 3D포폴\DefenceGame\AStar\MazeAlgorithm.cpp(40,85): warning C4244: '인수': 'int'에서 'FLOAT'(으)로 변환하면서 데이터가 손실될 수 있습니다.
  Castle.cpp
C:\Users\sanghwa\Desktop\dx11_3D_포폴\DX11 3D포폴\DefenceGame\Objects\Castle.cpp(6,30): warning C4244: '인수': 'UINT'에서 'FLOAT'(으)로 변환하면서 데이터가 손실될 수 있습니다.
C:\Users\sanghwa\Desktop\dx11_3D_포폴\DX11 3D포폴\DefenceGame\Objects\Castle.cpp(55,19): warning C4018: '<': signed 또는 unsigned가 일치하지 않습니다.
  Character.cpp
C:\Users\sanghwa\Desktop\dx11_3D_포폴\DX11 3D포폴\DefenceGame\Objects\Character\Character.cpp(259,22): warning C4018: '<': signed 또는 unsigned가 일치하지 않습니다.
C:\Users\sanghwa\Desktop\dx11_3D_포폴\DX11 3D포폴\DefenceGame\Objects\Character\Character.cpp(270,22): warning C4018: '<': signed 또는 unsigned가 일치하지 않습니다.
  Monster01.cpp
  Pikachu.cpp
  Render2D.cpp
C:\Users\sanghwa\Desktop\dx11_3D_포폴\DX11 3D포폴\DefenceGame\Objects\PostEffect\Render2D.cpp(91,37): warning C4244: '=': 'FLOAT'에서 'LONG'(으)로 변환하면서 데이터가 손실될 수 있습니다.
C:\Users\sanghwa\Desktop\dx11_3D_포폴\DX11 3D포폴\DefenceGame\Objects\PostEffect\Render2D.cpp(92,38): warning C4244: '=': 'FLOAT'에서 'LONG'(으)로 변환하면서 데이터가 손실될 수 있습니다.
C:\Users\sanghwa\Desktop\dx11_3D_포폴\DX11 3D포폴\DefenceGame\Objects\PostEffect\Render2D.cpp(93,52): warning C4244: '=': 'FLOAT'에서 'LONG'(으)로 변환하면서 데이터가 손실될 수 있습니다.
C:\Users\sanghwa\Desktop\dx11_3D_포폴\DX11 3D포폴\DefenceGame\Objects\PostEffect\Render2D.cpp(94,49): warning C4244: '=': 'FLOAT'에서 'LONG'(으)로 변환하면서 데이터가 손실될 수 있습니다.
  BoxWall.cpp
C:\Users\sanghwa\Desktop\dx11_3D_포폴\DX11 3D포폴\DefenceGame\Objects\Road\BoxWall.cpp(51,35): warning C4244: '인수': 'UINT'에서 'FLOAT'(으)로 변환하면서 데이터가 손실될 수 있습니다.
C:\Users\sanghwa\Desktop\dx11_3D_포폴\DX11 3D포폴\DefenceGame\Objects\Road\BoxWall.cpp(51,32): warning C4244: '인수': 'UINT'에서 'FLOAT'(으)로 변환하면서 데이터가 손실될 수 있습니다.
C:\Users\sanghwa\Desktop\dx11_3D_포폴\DX11 3D포폴\DefenceGame\Objects\Road\BoxWall.cpp(52,29): warning C4244: '인수': 'UINT'에서 'FLOAT'(으)로 변환하면서 데이터가 손실될 수 있습니다.
C:\Users\sanghwa\Desktop\dx11_3D_포폴\DX11 3D포폴\DefenceGame\Objects\Road\BoxWall.cpp(52,26): warning C4244: '인수': 'UINT'에서 'FLOAT'(으)로 변환하면서 데이터가 손실될 수 있습니다.
C:\Users\sanghwa\Desktop\dx11_3D_포폴\DX11 3D포폴\DefenceGame\Objects\Road\BoxWall.cpp(63,35): warning C4244: '인수': 'UINT'에서 'FLOAT'(으)로 변환하면서 데이터가 손실될 수 있습니다.
C:\Users\sanghwa\Desktop\dx11_3D_포폴\DX11 3D포폴\DefenceGame\Objects\Road\BoxWall.cpp(63,32): warning C4244: '인수': 'UINT'에서 'FLOAT'(으)로 변환하면서 데이터가 손실될 수 있습니다.
C:\Users\sanghwa\Desktop\dx11_3D_포폴\DX11 3D포폴\DefenceGame\Objects\Road\BoxWall.cpp(64,33): warning C4244: '인수': 'UINT'에서 'FLOAT'(으)로 변환하면서 데이터가 손실될 수 있습니다.
C:\Users\sanghwa\Desktop\dx11_3D_포폴\DX11 3D포폴\DefenceGame\Objects\Road\BoxWall.cpp(64,28): warning C4244: '인수': 'UINT'에서 'FLOAT'(으)로 변환하면서 데이터가 손실될 수 있습니다.
C:\Users\sanghwa\Desktop\dx11_3D_포폴\DX11 3D포폴\DefenceGame\Objects\Road\BoxWall.cpp(75,35): warning C4244: '인수': 'UINT'에서 'FLOAT'(으)로 변환하면서 데이터가 손실될 수 있습니다.
C:\Users\sanghwa\Desktop\dx11_3D_포폴\DX11 3D포폴\DefenceGame\Objects\Road\BoxWall.cpp(75,32): warning C4244: '인수': 'UINT'에서 'FLOAT'(으)로 변환하면서 데이터가 손실될 수 있습니다.
C:\Users\sanghwa\Desktop\dx11_3D_포폴\DX11 3D포폴\DefenceGame\Objects\Road\BoxWall.cpp(76,31): warning C4244: '인수': 'UINT'에서 'FLOAT'(으)로 변환하면서 데이터가 손실될 수 있습니다.
C:\Users\sanghwa\Desktop\dx11_3D_포폴\DX11 3D포폴\DefenceGame\Objects\Road\BoxWall.cpp(76,26): warning C4244: '인수': 'UINT'에서 'FLOAT'(으)로 변환하면서 데이터가 손실될 수 있습니다.
  RectRoad.cpp
  EnemyBase.cpp
C:\Users\sanghwa\Desktop\dx11_3D_포폴\DX11 3D포폴\DefenceGame\Objects\Spawn\EnemyBase.cpp(143,13): warning C4244: '초기화 중': 'float'에서 'int'(으)로 변환하면서 데이터가 손실될 수 있습니다.
C:\Users\sanghwa\Desktop\dx11_3D_포폴\DX11 3D포폴\DefenceGame\Objects\Spawn\EnemyBase.cpp(145,14): warning C4244: '초기화 중': 'float'에서 'int'(으)로 변환하면서 데이터가 손실될 수 있습니다.
  FriendlyBase.cpp
C:\Users\sanghwa\Desktop\dx11_3D_포폴\DX11 3D포폴\DefenceGame\Objects\Spawn\FriendlyBase.cpp(66,22): warning C4018: '<': signed 또는 unsigned가 일치하지 않습니다.
C:\Users\sanghwa\Desktop\dx11_3D_포폴\DX11 3D포폴\DefenceGame\Objects\Spawn\FriendlyBase.cpp(80,24): warning C4018: '<': signed 또는 unsigned가 일치하지 않습니다.
C:\Users\sanghwa\Desktop\dx11_3D_포폴\DX11 3D포폴\DefenceGame\Objects\Spawn\FriendlyBase.cpp(93,21): warning C4018: '<': signed 또는 unsigned가 일치하지 않습니다.
  SpawnBase.cpp
  TerrainEditor.cpp
C:\Users\sanghwa\Desktop\dx11_3D_포폴\DX11 3D포폴\DefenceGame\Objects\TerrainEditor.cpp(105,21): warning C4018: '<': signed 또는 unsigned가 일치하지 않습니다.
C:\Users\sanghwa\Desktop\dx11_3D_포폴\DX11 3D포폴\DefenceGame\Objects\TerrainEditor.cpp(208,31): warning C4018: '>=': signed 또는 unsigned가 일치하지 않습니다.
C:\Users\sanghwa\Desktop\dx11_3D_포폴\DX11 3D포폴\DefenceGame\Objects\TerrainEditor.cpp(209,28): warning C4018: '>=': signed 또는 unsigned가 일치하지 않습니다.
C:\Users\sanghwa\Desktop\dx11_3D_포폴\DX11 3D포폴\DefenceGame\Objects\TerrainEditor.cpp(226,31): warning C4018: '>=': signed 또는 unsigned가 일치하지 않습니다.
C:\Users\sanghwa\Desktop\dx11_3D_포폴\DX11 3D포폴\DefenceGame\Objects\TerrainEditor.cpp(227,28): warning C4018: '>=': signed 또는 unsigned가 일치하지 않습니다.
C:\Users\sanghwa\Desktop\dx11_3D_포폴\DX11 3D포폴\DefenceGame\Objects\TerrainEditor.cpp(397,41): warning C4244: '인수': 'UINT'에서 'FLOAT'(으)로 변환하면서 데이터가 손실될 수 있습니다.
C:\Users\sanghwa\Desktop\dx11_3D_포폴\DX11 3D포폴\DefenceGame\Objects\TerrainEditor.cpp(397,33): warning C4244: '인수': 'UINT'에서 'FLOAT'(으)로 변환하면서 데이터가 손실될 수 있습니다.
C:\Users\sanghwa\Desktop\dx11_3D_포폴\DX11 3D포폴\DefenceGame\Objects\TerrainEditor.cpp(398,29): warning C4244: '인수': 'UINT'에서 'FLOAT'(으)로 변환하면서 데이터가 손실될 수 있습니다.
C:\Users\sanghwa\Desktop\dx11_3D_포폴\DX11 3D포폴\DefenceGame\Objects\TerrainEditor.cpp(398,26): warning C4244: '인수': 'UINT'에서 'FLOAT'(으)로 변환하면서 데이터가 손실될 수 있습니다.
C:\Users\sanghwa\Desktop\dx11_3D_포폴\DX11 3D포폴\DefenceGame\Objects\TerrainEditor.cpp(418,22): warning C4018: '<': signed 또는 unsigned가 일치하지 않습니다.
C:\Users\sanghwa\Desktop\dx11_3D_포폴\DX11 3D포폴\DefenceGame\Objects\TerrainEditor.cpp(420,23): warning C4018: '<': signed 또는 unsigned가 일치하지 않습니다.
C:\Users\sanghwa\Desktop\dx11_3D_포폴\DX11 3D포폴\DefenceGame\Objects\TerrainEditor.cpp(423,50): warning C4244: '인수': 'int'에서 'FLOAT'(으)로 변환하면서 데이터가 손실될 수 있습니다.
C:\Users\sanghwa\Desktop\dx11_3D_포폴\DX11 3D포폴\DefenceGame\Objects\TerrainEditor.cpp(423,41): warning C4244: '인수': 'int'에서 'FLOAT'(으)로 변환하면서 데이터가 손실될 수 있습니다.
C:\Users\sanghwa\Desktop\dx11_3D_포폴\DX11 3D포폴\DefenceGame\Objects\TerrainEditor.cpp(469,20): warning C4018: '<': signed 또는 unsigned가 일치하지 않습니다.
  코드를 생성하고 있습니다...
  컴파일하고 있습니다...
  PickingRect.cpp
C:\Users\sanghwa\Desktop\dx11_3D_포폴\DX11 3D포폴\DefenceGame\Objects\Road\PickingRect.cpp(7,44): warning C4244: '인수': 'int'에서 'float'(으)로 변환하면서 데이터가 손실될 수 있습니다.
C:\Users\sanghwa\Desktop\dx11_3D_포폴\DX11 3D포폴\DefenceGame\Objects\Road\PickingRect.cpp(8,45): warning C4244: '인수': 'int'에서 'float'(으)로 변환하면서 데이터가 손실될 수 있습니다.
C:\Users\sanghwa\Desktop\dx11_3D_포폴\DX11 3D포폴\DefenceGame\Objects\Road\PickingRect.cpp(8,32): warning C4244: '인수': 'int'에서 'float'(으)로 변환하면서 데이터가 손실될 수 있습니다.
C:\Users\sanghwa\Desktop\dx11_3D_포폴\DX11 3D포폴\DefenceGame\Objects\Road\PickingRect.cpp(9,32): warning C4244: '인수': 'int'에서 'float'(으)로 변환하면서 데이터가 손실될 수 있습니다.
  Program.cpp
  GameScene.cpp
C:\Users\sanghwa\Desktop\dx11_3D_포폴\DX11 3D포폴\DefenceGame\Scenes\Portfolio\GameScene.cpp(17,45): warning C4244: '인수': 'UINT'에서 'float'(으)로 변환하면서 데이터가 손실될 수 있습니다.
C:\Users\sanghwa\Desktop\dx11_3D_포폴\DX11 3D포폴\DefenceGame\Scenes\Portfolio\GameScene.cpp(17,26): warning C4244: '인수': 'UINT'에서 'float'(으)로 변환하면서 데이터가 손실될 수 있습니다.
  FmodSound.cpp
  UI.cpp
  코드를 생성하고 있습니다...
  DefenceGame.vcxproj -> C:\Users\sanghwa\Desktop\dx11_3D_포폴\DX11 3D포폴\Debug\DefenceGame.exe
